<?xml version="1.0" encoding="UTF-8"?>
<testng-results ignored="0" total="1" passed="0" failed="1" skipped="0">
  <reporter-output>
  </reporter-output>
  <suite started-at="2025-09-15T17:00:04 IST" name="Default suite" finished-at="2025-09-15T17:00:11 IST" duration-ms="6304">
    <groups>
      <group name="cucumber">
        <method signature="AbstractTestNGCucumberTests.runScenario(io.cucumber.testng.PickleWrapper,io.cucumber.testng.FeatureWrapper)[pri:0, instance:com.example.runners.RunTest@72bc6553]" name="runScenario" class="io.cucumber.testng.AbstractTestNGCucumberTests"/>
      </group> <!-- cucumber -->
    </groups>
    <test started-at="2025-09-15T17:00:04 IST" name="Default test" finished-at="2025-09-15T17:00:11 IST" duration-ms="6304">
      <class name="com.example.runners.RunTest">
        <test-method is-config="true" signature="setUpClass(org.testng.ITestContext)[pri:0, instance:com.example.runners.RunTest@72bc6553]" started-at="2025-09-15T17:00:04 IST" name="setUpClass" finished-at="2025-09-15T17:00:05 IST" duration-ms="177" status="PASS">
          <params>
            <param index="0">
              <value>
                <![CDATA[org.testng.TestRunner@56303475]]>
              </value>
            </param>
          </params>
          <reporter-output>
          </reporter-output>
        </test-method> <!-- setUpClass -->
        <test-method signature="runScenario(io.cucumber.testng.PickleWrapper,io.cucumber.testng.FeatureWrapper)[pri:0, instance:com.example.runners.RunTest@72bc6553]" started-at="2025-09-15T17:00:05 IST" name="runScenario" description="Runs Cucumber Scenarios" data-provider="scenarios" finished-at="2025-09-15T17:00:11 IST" duration-ms="6079" status="FAIL">
          <params>
            <param index="0">
              <value>
                <![CDATA["Open Google and verify title"]]>
              </value>
            </param>
            <param index="1">
              <value>
                <![CDATA["Verify Page Title"]]>
              </value>
            </param>
          </params>
          <exception class="java.lang.AssertionError">
            <message>
              <![CDATA[Page title mismatch! expected [Voogle] but found [Google]]]>
            </message>
            <full-stacktrace>
              <![CDATA[java.lang.AssertionError: Page title mismatch! expected [Voogle] but found [Google]
at org.testng.Assert.fail(Assert.java:111)
at org.testng.Assert.failNotEquals(Assert.java:1590)
at org.testng.Assert.assertEqualsImpl(Assert.java:150)
at org.testng.Assert.assertEquals(Assert.java:132)
at org.testng.Assert.assertEquals(Assert.java:656)
at com.example.steps.StepDefinitions.the_page_title_should_be(StepDefinitions.java:29)
at âœ½.the page title should be "Voogle"(file:///C:/Users/DC4183/eclipse-workspace/selenium-cucumber-testng/src/test/resources/features/pageTitle.feature:6)
]]>
            </full-stacktrace>
          </exception> <!-- java.lang.AssertionError -->
          <reporter-output>
          </reporter-output>
        </test-method> <!-- runScenario -->
        <test-method is-config="true" signature="tearDownClass()[pri:0, instance:com.example.runners.RunTest@72bc6553]" started-at="2025-09-15T17:00:11 IST" name="tearDownClass" finished-at="2025-09-15T17:00:11 IST" duration-ms="2" status="PASS">
          <reporter-output>
          </reporter-output>
        </test-method> <!-- tearDownClass -->
      </class> <!-- com.example.runners.RunTest -->
    </test> <!-- Default test -->
  </suite> <!-- Default suite -->
</testng-results>
